<?xml version="1.0" encoding="UTF-8"?>
<!-- Generated by org.testng.reporters.JUnitXMLReporter -->
<testsuite ignored="0" hostname="DESKTOP-BLPH810" failures="1" tests="36" name="Default test" time="150.156" errors="0" timestamp="2023-12-16T13:01:19 IST">
  <testcase classname="testCases.VerifyMultipleCredentialsTest" name="loginToApplicationWithMultipleCredentialsTest" time="0.879"/>
  <testcase classname="testCases.VerifyMultipleCredentialsTest" name="loginToApplicationWithMultipleCredentialsTest" time="0.703">
    <failure type="java.lang.AssertionError" message="The following asserts failed:
	expected [https://www.saucedemo.com/] but found [https://www.saucedemo.com/inventory.html]">
      <![CDATA[java.lang.AssertionError: The following asserts failed:
expected [https://www.saucedemo.com/] but found [https://www.saucedemo.com/inventory.html]
at org.testng.asserts.SoftAssert.assertAll(SoftAssert.java:46)
at org.testng.asserts.SoftAssert.assertAll(SoftAssert.java:30)
at testCases.VerifyMultipleCredentialsTest.loginToApplicationWithMultipleCredentialsTest(VerifyMultipleCredentialsTest.java:56)
at java.base/jdk.internal.reflect.NativeMethodAccessorImpl.invoke0(Native Method)
at java.base/jdk.internal.reflect.NativeMethodAccessorImpl.invoke(NativeMethodAccessorImpl.java:77)
at java.base/jdk.internal.reflect.DelegatingMethodAccessorImpl.invoke(DelegatingMethodAccessorImpl.java:43)
at java.base/java.lang.reflect.Method.invoke(Method.java:568)
at org.testng.internal.invokers.MethodInvocationHelper.invokeMethod(MethodInvocationHelper.java:139)
at org.testng.internal.invokers.TestInvoker.invokeMethod(TestInvoker.java:677)
at org.testng.internal.invokers.TestInvoker.invokeTestMethod(TestInvoker.java:221)
at org.testng.internal.invokers.MethodRunner.runInSequence(MethodRunner.java:50)
at org.testng.internal.invokers.TestInvoker$MethodInvocationAgent.invoke(TestInvoker.java:969)
at org.testng.internal.invokers.TestInvoker.invokeTestMethods(TestInvoker.java:194)
at org.testng.internal.invokers.TestMethodWorker.invokeTestMethods(TestMethodWorker.java:148)
at org.testng.internal.invokers.TestMethodWorker.run(TestMethodWorker.java:128)
at java.base/java.util.ArrayList.forEach(ArrayList.java:1511)
at org.testng.TestRunner.privateRun(TestRunner.java:829)
at org.testng.TestRunner.run(TestRunner.java:602)
at org.testng.SuiteRunner.runTest(SuiteRunner.java:437)
at org.testng.SuiteRunner.runSequentially(SuiteRunner.java:431)
at org.testng.SuiteRunner.privateRun(SuiteRunner.java:391)
at org.testng.SuiteRunner.run(SuiteRunner.java:330)
at org.testng.SuiteRunnerWorker.runSuite(SuiteRunnerWorker.java:52)
at org.testng.SuiteRunnerWorker.run(SuiteRunnerWorker.java:95)
at org.testng.TestNG.runSuitesSequentially(TestNG.java:1256)
at org.testng.TestNG.runSuitesLocally(TestNG.java:1176)
at org.testng.TestNG.runSuites(TestNG.java:1099)
at org.testng.TestNG.run(TestNG.java:1067)
at org.testng.remote.AbstractRemoteTestNG.run(AbstractRemoteTestNG.java:115)
at org.testng.remote.RemoteTestNG.initAndRun(RemoteTestNG.java:251)
at org.testng.remote.RemoteTestNG.main(RemoteTestNG.java:77)
]]>
    </failure>
  </testcase> <!-- loginToApplicationWithMultipleCredentialsTest -->
  <testcase classname="testCases.VerifyMultipleCredentialsTest" name="loginToApplicationWithMultipleCredentialsTest" time="0.651"/>
  <testcase classname="testCases.VerifyMultipleCredentialsTest" name="loginToApplicationWithMultipleCredentialsTest" time="5.803"/>
  <testcase classname="testCases.VerifyMultipleCredentialsTest" name="loginToApplicationWithMultipleCredentialsTest" time="0.746"/>
  <testcase classname="testCases.VerifyMultipleCredentialsTest" name="loginToApplicationWithMultipleCredentialsTest" time="0.651"/>
  <testcase classname="testCases.CompletePageTest" name="verifyOrderDispatchTextTest" time="1.049"/>
  <testcase classname="testCases.CompletePageTest" name="verifyCompleteLabelTest" time="0.081"/>
  <testcase classname="testCases.CompletePageTest" name="verifyImgLogoTest" time="0.047"/>
  <testcase classname="testCases.CompletePageTest" name="BackHomeBtnTest" time="0.134"/>
  <testcase classname="testCases.CompletePageTest" name="verifyThankYouTextTest" time="0.039"/>
  <testcase classname="testCases.Inventory_page_2_Test" name="verifyFacebookLogoTest" time="0.055"/>
  <testcase classname="testCases.Inventory_page_2_Test" name="verifyLinkedinLogoTest" time="0.086"/>
  <testcase classname="testCases.Inventory_page_2_Test" name="verifyproductsLabelTest" time="0.223"/>
  <testcase classname="testCases.Inventory_page_2_Test" name="verifytwitterLogoTest" time="0.101"/>
  <testcase classname="testCases.Inventory_page_2_Test" name="verifyMenuBtnTest" time="0.121"/>
  <testcase classname="testCases.Inventory_page_2_Test" name="add6Products" time="0.638"/>
  <testcase classname="testCases.Inventory_page_2_Test" name="remove2ProductsTest" time="0.634"/>
  <testcase classname="testCases.CheckOutPage1_Test" name="verifyURLOfApplicatioTest" time="0.045"/>
  <testcase classname="testCases.CheckOutPage1_Test" name="verifyTitleOfApplicationTest" time="0.065"/>
  <testcase classname="testCases.CheckOutPage1_Test" name="InputinformationTest" time="0.466"/>
  <testcase classname="testCases.CheckOutPage2Test" name="verifyURLOfApplicationTest" time="0.074"/>
  <testcase classname="testCases.CheckOutPage2Test" name="verifyLabelTest" time="0.053"/>
  <testcase classname="testCases.CheckOutPage2Test" name="verifyQTYLabelTest" time="0.048"/>
  <testcase classname="testCases.CheckOutPage2Test" name="verifyDiscriptionTest" time="0.042"/>
  <testcase classname="testCases.CheckOutPage2Test" name="verifyPaymentLabelTest" time="0.067"/>
  <testcase classname="testCases.CheckOutPage2Test" name="verifyPriceTotalLabelTest" time="0.025"/>
  <testcase classname="testCases.CheckOutPage2Test" name="verifyShippingLabelTest" time="0.029"/>
  <testcase classname="testCases.CheckOutPage2Test" name="verifyTotalLabelTest" time="0.032"/>
  <testcase classname="testCases.CheckOutPage2Test" name="ClickOnCancelBtnTest" time="0.16"/>
  <testcase classname="testCases.CheckOutPage2Test" name="ClickOnFinishBtnTest" time="0.114"/>
  <testcase classname="testCases.Cart_Page_Test" name="verifyCartPageURLTest" time="0.046"/>
  <testcase classname="testCases.Cart_Page_Test" name="verifyCartLabelTest" time="0.064"/>
  <testcase classname="testCases.LoginPageTest" name="verifyTitleOfApplicationTest" time="0.029"/>
  <testcase classname="testCases.LoginPageTest" name="loginToApplicationTest" time="0.525"/>
  <testcase classname="testCases.LoginPageTest" name="verifyURLOfApplicationTest" time="0.074"/>
</testsuite> <!-- Default test -->
